<?xml version="1.0" encoding="UTF-8"?>
<!-- Generated by org.testng.reporters.JUnitReportReporter -->
<testsuite hostname="LAPTOP-JCLS4K63" failures="0" tests="1" name="asessmentWeb.Checkout" time="5.798" errors="0" timestamp="2022-05-26T17:57:14 WAT" skipped="0">
  <testcase classname="asessmentWeb.Checkout" name="Signin" time="5.798"/>
  <system-out/>
</testsuite> <!-- asessmentWeb.Checkout -->
